<?xml version="1.0" encoding="UTF-8"?>
<!-- Generated by org.testng.reporters.JUnitReportReporter -->
<testsuite skipped="0" hostname="slt-ptc-20" name="pl.luxoft.selenium.FirstSeleniumTest" tests="1" failures="0" timestamp="04 Oct 2019 14:06:10 GMT" time="8.355" errors="0">
  <testcase name="searchResultsTableHeaderContainSearchQuerryPOTest" time="8.355" classname="pl.luxoft.selenium.FirstSeleniumTest"/>
</testsuite> <!-- pl.luxoft.selenium.FirstSeleniumTest -->
